<?xml version="1.0" encoding="UTF-8"?>
<!-- Generated by org.testng.reporters.JUnitReportReporter -->
<testsuite skipped="0" hostname="DESKTOP-LPSR3CB" name="day11.testngsamples.Example_Annotations2" tests="2" failures="0" timestamp="2022-05-10T11:58:37 IST" time="0.004" errors="0">
  <testcase name="verifyLogin" time="0.004" classname="day11.testngsamples.Example_Annotations2"/>
  <system-out/>
  <testcase name="createTask" time="0.000" classname="day11.testngsamples.Example_Annotations2"/>
  <system-out/>
</testsuite> <!-- day11.testngsamples.Example_Annotations2 -->
