<?xml version="1.0" encoding="UTF-8"?>
<!-- Generated by org.testng.reporters.JUnitReportReporter -->
<testsuite hostname="DESKTOP-LPSR3CB" name="sampletest.ScreenShot" tests="2" failures="0" timestamp="9 May 2022 08:51:26 GMT" time="18.986" errors="0">
  <testcase name="testScreenShot2" time="10.146" classname="sampletest.ScreenShot"/>
  <testcase name="testScreenShot" time="8.840" classname="sampletest.ScreenShot"/>
</testsuite> <!-- sampletest.ScreenShot -->
