<?xml version="1.0" encoding="UTF-8"?>
<!-- Generated by org.testng.reporters.JUnitReportReporter -->
<testsuite skipped="0" hostname="DESKTOP-LPSR3CB" name="Day1TestNG.TestNGExample4" tests="2" failures="0" timestamp="2022-05-10T13:02:12 IST" time="0.003" errors="0">
  <testcase name="testcase5" time="0.002" classname="Day1TestNG.TestNGExample4"/>
  <system-out/>
  <testcase name="testcase4" time="0.001" classname="Day1TestNG.TestNGExample4"/>
  <system-out/>
</testsuite> <!-- Day1TestNG.TestNGExample4 -->
