<?xml version="1.0" encoding="UTF-8"?>
<!-- Generated by org.testng.reporters.JUnitReportReporter -->
<testsuite skipped="0" hostname="DESKTOP-LPSR3CB" name="Day1TestNG.Example_Param5" tests="3" failures="0" timestamp="2022-05-10T13:05:07 IST" time="0.004" errors="0">
  <testcase name="signIn" time="0.001" classname="Day1TestNG.Example_Param5"/>
  <system-out/>
  <testcase name="login" time="0.002" classname="Day1TestNG.Example_Param5"/>
  <system-out/>
  <testcase name="checkNotification" time="0.001" classname="Day1TestNG.Example_Param5"/>
  <system-out/>
</testsuite> <!-- Day1TestNG.Example_Param5 -->
