<?xml version="1.0" encoding="UTF-8"?>
<!-- Generated by org.testng.reporters.JUnitReportReporter -->
<testsuite skipped="0" hostname="DESKTOP-LPSR3CB" name="day11.testngsamples.Example5" tests="2" failures="0" timestamp="2022-05-10T12:01:14 IST" time="0.004" errors="0">
  <testcase name="testCase5" time="0.001" classname="day11.testngsamples.Example5"/>
  <system-out/>
  <testcase name="testCase6" time="0.003" classname="day11.testngsamples.Example5"/>
  <system-out/>
</testsuite> <!-- day11.testngsamples.Example5 -->
