<?xml version="1.0" encoding="UTF-8"?>
<!-- Generated by org.testng.reporters.JUnitReportReporter -->
<testsuite skipped="0" hostname="DESKTOP-LPSR3CB" name="day22.testngadvxml.GroupExamples" tests="5" failures="0" timestamp="2022-05-09T23:39:25 IST" time="0.021" errors="0">
  <testcase name="testCaseFive" time="0.010" classname="day22.testngadvxml.GroupExamples"/>
  <system-out/>
  <testcase name="testCaseThree" time="0.003" classname="day22.testngadvxml.GroupExamples"/>
  <system-out/>
  <testcase name="testCaseFour" time="0.005" classname="day22.testngadvxml.GroupExamples"/>
  <system-out/>
  <testcase name="testCaseOne" time="0.002" classname="day22.testngadvxml.GroupExamples"/>
  <system-out/>
  <testcase name="testCaseTwo" time="0.001" classname="day22.testngadvxml.GroupExamples"/>
  <system-out/>
</testsuite> <!-- day22.testngadvxml.GroupExamples -->
