<?xml version="1.0" encoding="UTF-8"?>
<!-- Generated by org.testng.reporters.JUnitReportReporter -->
<testsuite skipped="0" hostname="DESKTOP-LPSR3CB" name="Day1TestNG.Example_Param6" tests="3" failures="0" timestamp="2022-05-10T13:02:12 IST" time="0.525" errors="0">
  <testcase name="login" time="0.002" classname="Day1TestNG.Example_Param6"/>
  <system-out/>
  <testcase name="signIn" time="0.011" classname="Day1TestNG.Example_Param6"/>
  <system-out/>
  <testcase name="checkNotification" time="0.512" classname="Day1TestNG.Example_Param6"/>
  <system-out/>
</testsuite> <!-- Day1TestNG.Example_Param6 -->
