<?xml version="1.0" encoding="UTF-8"?>
<!-- Generated by org.testng.reporters.JUnitReportReporter -->
<testsuite skipped="0" hostname="DESKTOP-LPSR3CB" name="TestingAdvXml.GroupExamples" tests="5" failures="0" timestamp="2022-05-11T11:34:16 IST" time="0.021" errors="0">
  <testcase name="testCaseTwo" time="0.004" classname="TestingAdvXml.GroupExamples"/>
  <system-out/>
  <testcase name="testCaseFive" time="0.011" classname="TestingAdvXml.GroupExamples"/>
  <system-out/>
  <testcase name="testCaseThree" time="0.002" classname="TestingAdvXml.GroupExamples"/>
  <system-out/>
  <testcase name="testCaseOne" time="0.002" classname="TestingAdvXml.GroupExamples"/>
  <system-out/>
  <testcase name="testCaseFour" time="0.002" classname="TestingAdvXml.GroupExamples"/>
  <system-out/>
</testsuite> <!-- TestingAdvXml.GroupExamples -->
