<?xml version="1.0" encoding="UTF-8"?>
<!-- Generated by org.testng.reporters.JUnitReportReporter -->
<testsuite skipped="0" hostname="DESKTOP-LPSR3CB" name="Day2TestNG.Example_Annotations3" tests="2" failures="0" timestamp="2022-05-10T12:50:50 IST" time="0.003" errors="0">
  <testcase name="verifyLogin" time="0.001" classname="Day2TestNG.Example_Annotations3"/>
  <system-out/>
  <testcase name="createTask" time="0.002" classname="Day2TestNG.Example_Annotations3"/>
  <system-out/>
</testsuite> <!-- Day2TestNG.Example_Annotations3 -->
