<?xml version="1.0" encoding="UTF-8"?>
<!-- Generated by org.testng.reporters.JUnitReportReporter -->
<testsuite skipped="0" hostname="DESKTOP-LPSR3CB" name="day11.testngsamples.Example2" tests="1" failures="0" timestamp="2022-05-10T12:02:02 IST" time="0.001" errors="0">
  <testcase name="testCase2" time="0.001" classname="day11.testngsamples.Example2"/>
  <system-out/>
</testsuite> <!-- day11.testngsamples.Example2 -->
