<?xml version="1.0" encoding="UTF-8"?>
<!-- Generated by org.testng.reporters.JUnitReportReporter -->
<testsuite hostname="DESKTOP-LPSR3CB" name="Day1TestNG.TestNGExample2" tests="1" failures="0" timestamp="10 May 2022 18:22:18 GMT" time="2.016" errors="0">
  <testcase name="testcase1" time="2.016" classname="Day1TestNG.TestNGExample2"/>
</testsuite> <!-- Day1TestNG.TestNGExample2 -->
