<?xml version="1.0" encoding="UTF-8"?>
<!-- Generated by org.testng.reporters.JUnitReportReporter -->
<testsuite hostname="DESKTOP-LPSR3CB" name="Day1TestNG.TestNGExample3" tests="1" failures="0" timestamp="10 May 2022 18:22:18 GMT" time="0.000" errors="0">
  <testcase name="testcase3" time="0.000" classname="Day1TestNG.TestNGExample3"/>
</testsuite> <!-- Day1TestNG.TestNGExample3 -->
