<?xml version="1.0" encoding="UTF-8"?>
<!-- Generated by org.testng.reporters.JUnitReportReporter -->
<testsuite skipped="0" hostname="DESKTOP-LPSR3CB" name="TestingADvXml.GroupExamples" tests="5" failures="0" timestamp="2022-05-12T23:14:37 IST" time="0.018" errors="0">
  <testcase name="testCaseFive" time="0.011" classname="TestingADvXml.GroupExamples"/>
  <system-out/>
  <testcase name="testCaseOne" time="0.002" classname="TestingADvXml.GroupExamples"/>
  <system-out/>
  <testcase name="testCaseTwo" time="0.002" classname="TestingADvXml.GroupExamples"/>
  <system-out/>
  <testcase name="testCaseFour" time="0.001" classname="TestingADvXml.GroupExamples"/>
  <system-out/>
  <testcase name="testCaseThree" time="0.002" classname="TestingADvXml.GroupExamples"/>
  <system-out/>
</testsuite> <!-- TestingADvXml.GroupExamples -->
