<?xml version="1.0" encoding="UTF-8"?>
<!-- Generated by org.testng.reporters.JUnitReportReporter -->
<testsuite skipped="0" hostname="DESKTOP-LPSR3CB" name="exdentreport.ExtentDemo" tests="1" failures="0" timestamp="2022-05-12T23:12:21 IST" time="11.254" errors="0">
  <testcase name="extentReportsDemo" time="11.254" classname="exdentreport.ExtentDemo"/>
  <system-out/>
</testsuite> <!-- exdentreport.ExtentDemo -->
