<?xml version="1.0" encoding="UTF-8"?>
<!-- Generated by org.testng.reporters.JUnitReportReporter -->
<testsuite skipped="0" hostname="DESKTOP-LPSR3CB" name="webpagescripts.GoogleSearchScript" tests="1" failures="0" timestamp="2022-05-13T10:42:20 IST" time="12.856" errors="0">
  <testcase name="testCase" time="12.856" classname="webpagescripts.GoogleSearchScript"/>
  <system-out/>
</testsuite> <!-- webpagescripts.GoogleSearchScript -->
