<?xml version="1.0" encoding="UTF-8"?>
<!-- Generated by org.testng.reporters.JUnitReportReporter -->
<testsuite skipped="0" hostname="DESKTOP-LPSR3CB" name="webpagescripts.TestVtigerLogin" tests="1" failures="0" timestamp="2022-05-13T12:11:20 IST" time="6.227" errors="0">
  <testcase name="testLogin" time="6.227" classname="webpagescripts.TestVtigerLogin"/>
  <system-out/>
</testsuite> <!-- webpagescripts.TestVtigerLogin -->
