<?xml version="1.0" encoding="UTF-8"?>
<!-- Generated by org.testng.reporters.JUnitReportReporter -->
<testsuite skipped="3" hostname="DESKTOP-LPSR3CB" name="ddt.ExcelOperations" tests="9" failures="0" timestamp="2022-05-12T23:18:20 IST" time="0.021" errors="0">
  <testcase name="getFirstCellValueFromEachRow" time="0.001" classname="ddt.ExcelOperations"/>
  <system-out/>
  <testcase name="getCellValueFromParticularRow" time="0.001" classname="ddt.ExcelOperations"/>
  <system-out/>
  <testcase name="getSheetName" time="0.002" classname="ddt.ExcelOperations"/>
  <system-out/>
  <testcase name="getCompleteDataFromScepecificSheet" time="0.001" classname="ddt.ExcelOperations"/>
  <system-out/>
  <testcase name="getRowsCountFromSheet" time="0.002" classname="ddt.ExcelOperations"/>
  <system-out/>
  <testcase name="createAndInsertValueInCell" time="0.014" classname="ddt.ExcelOperations"/>
  <system-out/>
  <testcase name="performRowOperations" classname="ddt.ExcelOperations">
    <skipped/>
  </testcase> <!-- performRowOperations -->
  <system-out/>
  <testcase name="performOperationOnCell" classname="ddt.ExcelOperations">
    <skipped/>
  </testcase> <!-- performOperationOnCell -->
  <system-out/>
  <testcase name="performOperationOnSheet" classname="ddt.ExcelOperations">
    <skipped/>
  </testcase> <!-- performOperationOnSheet -->
  <system-out/>
</testsuite> <!-- ddt.ExcelOperations -->
