<?xml version="1.0" encoding="UTF-8"?>
<!-- Generated by org.testng.reporters.JUnitReportReporter -->
<testsuite skipped="0" hostname="DESKTOP-LPSR3CB" name="TestingADvXml.ParallelExecutionOfMethods" tests="2" failures="0" timestamp="2022-05-12T23:13:22 IST" time="32.004" errors="0">
  <testcase name="testCaseOne" time="11.938" classname="TestingADvXml.ParallelExecutionOfMethods"/>
  <system-out/>
  <testcase name="testCaseTwo" time="20.066" classname="TestingADvXml.ParallelExecutionOfMethods"/>
  <system-out/>
</testsuite> <!-- TestingADvXml.ParallelExecutionOfMethods -->
