<?xml version="1.0" encoding="UTF-8"?>
<!-- Generated by org.testng.reporters.JUnitReportReporter -->
<testsuite skipped="0" hostname="DESKTOP-LPSR3CB" name="ddt.ExcelReading" tests="4" failures="0" timestamp="2022-05-12T23:15:18 IST" time="1.050" errors="0">
  <testcase name="getCellCount" time="0.773" classname="ddt.ExcelReading"/>
  <system-out/>
  <testcase name="getRowCount" time="0.058" classname="ddt.ExcelReading"/>
  <system-out/>
  <testcase name="updateExcel" time="0.163" classname="ddt.ExcelReading"/>
  <system-out/>
  <testcase name="getSheetCount" time="0.056" classname="ddt.ExcelReading"/>
  <system-out/>
</testsuite> <!-- ddt.ExcelReading -->
