<?xml version="1.0" encoding="UTF-8"?>
<!-- Generated by org.testng.reporters.JUnitReportReporter -->
<testsuite skipped="0" hostname="DESKTOP-LPSR3CB" name="webpagescripts.LoginLogout" tests="2" failures="0" timestamp="2022-05-13T12:12:29 IST" time="7.843" errors="0">
  <testcase name="testLogoutFunctionality" time="2.441" classname="webpagescripts.LoginLogout"/>
  <system-out/>
  <testcase name="testLoginFunctionality" time="5.402" classname="webpagescripts.LoginLogout"/>
  <system-out/>
</testsuite> <!-- webpagescripts.LoginLogout -->
