<?xml version="1.0" encoding="UTF-8"?>
<!-- Generated by org.testng.reporters.JUnitReportReporter -->
<testsuite skipped="0" hostname="DESKTOP-LPSR3CB" name="webpagescripts.OrangeHRMLoginScript" tests="1" failures="0" timestamp="2022-05-13T11:41:28 IST" time="18.595" errors="0">
  <testcase name="loginIntoOrangeHRMApp" time="18.595" classname="webpagescripts.OrangeHRMLoginScript"/>
  <system-out/>
</testsuite> <!-- webpagescripts.OrangeHRMLoginScript -->
