<?xml version="1.0" encoding="UTF-8"?>
<!-- Generated by org.testng.reporters.JUnitReportReporter -->
<testsuite hostname="DESKTOP-LPSR3CB" name="Day1TestNG.Example_Param3" tests="2" failures="0" timestamp="10 May 2022 18:22:18 GMT" time="0.004" errors="0">
  <testcase name="login" time="0.002" classname="Day1TestNG.Example_Param3"/>
  <testcase name="sendmail" time="0.002" classname="Day1TestNG.Example_Param3"/>
</testsuite> <!-- Day1TestNG.Example_Param3 -->
