<?xml version="1.0" encoding="UTF-8"?>
<!-- Generated by org.testng.reporters.JUnitReportReporter -->
<testsuite hostname="DESKTOP-LPSR3CB" name="TestingADvXml.DataProviderExample" tests="6" failures="0" timestamp="11 May 2022 10:11:08 GMT" time="45.465" errors="0">
  <testcase name="setData" time="0.009" classname="TestingADvXml.DataProviderExample"/>
  <testcase name="setData" time="0.003" classname="TestingADvXml.DataProviderExample"/>
  <testcase name="testLoginOfVtiger" time="11.773" classname="TestingADvXml.DataProviderExample"/>
  <testcase name="testLoginOfVtiger" time="22.177" classname="TestingADvXml.DataProviderExample"/>
  <testcase name="testLoginOfVtiger" time="11.481" classname="TestingADvXml.DataProviderExample"/>
  <testcase name="setData" time="0.022" classname="TestingADvXml.DataProviderExample"/>
</testsuite> <!-- TestingADvXml.DataProviderExample -->
