<?xml version="1.0" encoding="UTF-8"?>
<!-- Generated by org.testng.reporters.JUnitReportReporter -->
<testsuite skipped="0" hostname="DESKTOP-LPSR3CB" name="Testcase1.ActitimeLoginLogout" tests="2" failures="0" timestamp="2022-05-13T00:00:23 IST" time="8.802" errors="0">
  <testcase name="testLogoutFunctionality" time="2.683" classname="Testcase1.ActitimeLoginLogout"/>
  <system-out/>
  <testcase name="testLoginFunctionality" time="6.119" classname="Testcase1.ActitimeLoginLogout"/>
  <system-out/>
</testsuite> <!-- Testcase1.ActitimeLoginLogout -->
