<?xml version="1.0" encoding="UTF-8"?>
<!-- Generated by org.testng.reporters.JUnitReportReporter -->
<testsuite skipped="0" hostname="DESKTOP-LPSR3CB" name="TestNGNew.TestNGExample4" tests="2" failures="0" timestamp="2022-04-28T10:35:30 IST" time="0.016" errors="0">
  <testcase name="testcase5" time="0.000" classname="TestNGNew.TestNGExample4"/>
  <system-out/>
  <testcase name="testcase4" time="0.016" classname="TestNGNew.TestNGExample4"/>
  <system-out/>
</testsuite> <!-- TestNGNew.TestNGExample4 -->
