<?xml version="1.0" encoding="UTF-8"?>
<!-- Generated by org.testng.reporters.JUnitReportReporter -->
<testsuite skipped="0" hostname="DESKTOP-LPSR3CB" name="Day1TestNG.Example_Param5" tests="3" failures="0" timestamp="2022-05-02T14:37:42 IST" time="0.016" errors="0">
  <testcase name="checkNotification" time="0.000" classname="Day1TestNG.Example_Param5"/>
  <system-out/>
  <testcase name="signIn" time="0.016" classname="Day1TestNG.Example_Param5"/>
  <system-out/>
  <testcase name="login" time="0.000" classname="Day1TestNG.Example_Param5"/>
  <system-out/>
</testsuite> <!-- Day1TestNG.Example_Param5 -->
