<?xml version="1.0" encoding="UTF-8"?>
<!-- Generated by org.testng.reporters.JUnitReportReporter -->
<testsuite skipped="0" hostname="DESKTOP-LPSR3CB" name="TestNGNew.TestNGExample5" tests="2" failures="0" timestamp="2022-04-28T10:36:45 IST" time="0.000" errors="0">
  <testcase name="testcase7" time="0.000" classname="TestNGNew.TestNGExample5"/>
  <system-out/>
  <testcase name="testcase6" time="0.000" classname="TestNGNew.TestNGExample5"/>
  <system-out/>
</testsuite> <!-- TestNGNew.TestNGExample5 -->
