<?xml version="1.0" encoding="UTF-8"?>
<!-- Generated by org.testng.reporters.JUnitReportReporter -->
<testsuite skipped="0" hostname="DESKTOP-LPSR3CB" name="TestNGNew.TestNGexample2" tests="1" failures="0" timestamp="2022-05-02T14:24:27 IST" time="2.025" errors="0">
  <testcase name="testcase1" time="2.025" classname="TestNGNew.TestNGexample2"/>
  <system-out/>
</testsuite> <!-- TestNGNew.TestNGexample2 -->
