<?xml version="1.0" encoding="UTF-8"?>
<!-- Generated by org.testng.reporters.JUnitReportReporter -->
<testsuite hostname="DESKTOP-LPSR3CB" name="Day1TestNG.Example_Param1" tests="10" failures="0" timestamp="10 May 2022 18:22:18 GMT" time="0.017" errors="0">
  <testcase name="Param1" time="0.001" classname="Day1TestNG.Example_Param1"/>
  <testcase name="Param1" time="0.002" classname="Day1TestNG.Example_Param1"/>
  <testcase name="Param1" time="0.004" classname="Day1TestNG.Example_Param1"/>
  <testcase name="Param1" time="0.001" classname="Day1TestNG.Example_Param1"/>
  <testcase name="Param1" time="0.002" classname="Day1TestNG.Example_Param1"/>
  <testcase name="Param1" time="0.001" classname="Day1TestNG.Example_Param1"/>
  <testcase name="Param1" time="0.002" classname="Day1TestNG.Example_Param1"/>
  <testcase name="Param1" time="0.002" classname="Day1TestNG.Example_Param1"/>
  <testcase name="Param1" time="0.001" classname="Day1TestNG.Example_Param1"/>
  <testcase name="Param1" time="0.001" classname="Day1TestNG.Example_Param1"/>
</testsuite> <!-- Day1TestNG.Example_Param1 -->
