<?xml version="1.0" encoding="UTF-8"?>
<!-- Generated by org.testng.reporters.JUnitReportReporter -->
<testsuite hostname="DESKTOP-LPSR3CB" name="Testcase1.ActitimeLoginLogout" tests="2" failures="0" timestamp="10 May 2022 18:41:04 GMT" time="5.877" errors="0">
  <testcase name="testLoginFunctionality" time="4.474" classname="Testcase1.ActitimeLoginLogout"/>
  <testcase name="testLogoutFunctionality" time="1.403" classname="Testcase1.ActitimeLoginLogout"/>
</testsuite> <!-- Testcase1.ActitimeLoginLogout -->
