<?xml version="1.0" encoding="UTF-8"?>
<!-- Generated by org.testng.reporters.JUnitReportReporter -->
<testsuite hostname="DESKTOP-LPSR3CB" name="Day1TestNG.Example_Param7" tests="1" failures="0" timestamp="10 May 2022 18:22:18 GMT" time="0.013" errors="0">
  <testcase name="login" time="0.013" classname="Day1TestNG.Example_Param7"/>
</testsuite> <!-- Day1TestNG.Example_Param7 -->
