<?xml version="1.0" encoding="UTF-8"?>
<!-- Generated by org.testng.reporters.JUnitReportReporter -->
<testsuite hostname="DESKTOP-LPSR3CB" name="TestingADvXml.GroupExamples" tests="5" failures="0" timestamp="11 May 2022 10:11:08 GMT" time="0.004" errors="0">
  <testcase name="testCaseThree" time="0.001" classname="TestingADvXml.GroupExamples"/>
  <testcase name="testCaseOne" time="0.000" classname="TestingADvXml.GroupExamples"/>
  <testcase name="testCaseFour" time="0.001" classname="TestingADvXml.GroupExamples"/>
  <testcase name="testCaseFive" time="0.001" classname="TestingADvXml.GroupExamples"/>
  <testcase name="testCaseTwo" time="0.001" classname="TestingADvXml.GroupExamples"/>
</testsuite> <!-- TestingADvXml.GroupExamples -->
