<?xml version="1.0" encoding="UTF-8"?>
<!-- Generated by org.testng.reporters.JUnitReportReporter -->
<testsuite hostname="DESKTOP-LPSR3CB" name="sampletest.ScreenShot" tests="2" failures="0" timestamp="10 May 2022 17:04:39 GMT" time="20.770" errors="0">
  <testcase name="testScreenShot2" time="7.317" classname="sampletest.ScreenShot"/>
  <testcase name="testScreenShot" time="13.453" classname="sampletest.ScreenShot"/>
</testsuite> <!-- sampletest.ScreenShot -->
