<?xml version="1.0" encoding="UTF-8"?>
<!-- Generated by org.testng.reporters.JUnitReportReporter -->
<testsuite hostname="DESKTOP-LPSR3CB" name="Day1TestNG.TestNGExample5" tests="2" failures="0" timestamp="10 May 2022 18:22:18 GMT" time="0.004" errors="0">
  <testcase name="testcase6" time="0.002" classname="Day1TestNG.TestNGExample5"/>
  <testcase name="testcase7" time="0.002" classname="Day1TestNG.TestNGExample5"/>
</testsuite> <!-- Day1TestNG.TestNGExample5 -->
