<?xml version="1.0" encoding="UTF-8"?>
<!-- Generated by org.testng.reporters.JUnitReportReporter -->
<testsuite hostname="DESKTOP-LPSR3CB" name="ddt.ExcelOperations" tests="6" failures="0" timestamp="11 May 2022 06:20:39 GMT" time="0.011" errors="0">
  <testcase name="getRowsCountFromSheet" time="0.001" classname="ddt.ExcelOperations"/>
  <testcase name="getFirstCellValueFromEachRow" time="0.001" classname="ddt.ExcelOperations"/>
  <testcase name="getSheetName" time="0.001" classname="ddt.ExcelOperations"/>
  <testcase name="createAndInsertValueInCell" time="0.005" classname="ddt.ExcelOperations"/>
  <testcase name="getCellValueFromParticularRow" time="0.001" classname="ddt.ExcelOperations"/>
  <testcase name="getCompleteDataFromScepecificSheet" time="0.002" classname="ddt.ExcelOperations"/>
</testsuite> <!-- ddt.ExcelOperations -->
