<?xml version="1.0" encoding="UTF-8"?>
<!-- Generated by org.testng.reporters.JUnitReportReporter -->
<testsuite hostname="DESKTOP-LPSR3CB" name="TestingADvXml.ParallelExecutionOfMethods" tests="2" failures="0" timestamp="11 May 2022 10:11:08 GMT" time="15.636" errors="0">
  <testcase name="testCaseTwo" time="10.418" classname="TestingADvXml.ParallelExecutionOfMethods"/>
  <testcase name="testCaseOne" time="5.218" classname="TestingADvXml.ParallelExecutionOfMethods"/>
</testsuite> <!-- TestingADvXml.ParallelExecutionOfMethods -->
