<?xml version="1.0" encoding="UTF-8"?>
<!-- Generated by org.testng.reporters.JUnitReportReporter -->
<testsuite hostname="DESKTOP-LPSR3CB" name="ddt.ExcelReading" tests="4" failures="0" timestamp="11 May 2022 09:05:12 GMT" time="1.513" errors="0">
  <testcase name="getCellCount" time="1.273" classname="ddt.ExcelReading"/>
  <testcase name="getRowCount" time="0.048" classname="ddt.ExcelReading"/>
  <testcase name="updateExcel" time="0.152" classname="ddt.ExcelReading"/>
  <testcase name="getSheetCount" time="0.040" classname="ddt.ExcelReading"/>
</testsuite> <!-- ddt.ExcelReading -->
