<?xml version="1.0" encoding="UTF-8"?>
<!-- Generated by org.testng.reporters.JUnitReportReporter -->
<testsuite hostname="DESKTOP-LPSR3CB" name="Day1TestNG.Example_Param2" tests="3" failures="0" timestamp="10 May 2022 18:22:18 GMT" time="0.007" errors="0">
  <testcase name="sendmail" time="0.002" classname="Day1TestNG.Example_Param2"/>
  <testcase name="login" time="0.003" classname="Day1TestNG.Example_Param2"/>
  <testcase name="logout" time="0.002" classname="Day1TestNG.Example_Param2"/>
</testsuite> <!-- Day1TestNG.Example_Param2 -->
